# JRE version: OpenJDK Runtime Environment (8.0_212-b04) (build 1.8.0_212-release-1586-b04)
# Java VM: OpenJDK 64-Bit Server VM (25.212-b04 mixed mode windows-amd64 compressed oops)
Heap:
 PSYoungGen      total 182272K, used 73542K [0x00000000e0000000, 0x00000000ecd00000, 0x0000000100000000)
  eden space 163840K, 33% used [0x00000000e0000000,0x00000000e35d8370,0x00000000ea000000)
  from space 18432K, 99% used [0x00000000eb580000,0x00000000ec779508,0x00000000ec780000)
  to   space 22016K, 0% used [0x00000000ea000000,0x00000000ea000000,0x00000000eb580000)
 ParOldGen       total 208384K, used 35878K [0x00000000a0000000, 0x00000000acb80000, 0x00000000e0000000)
  object space 208384K, 17% used [0x00000000a0000000,0x00000000a23098e8,0x00000000acb80000)
 Metaspace       used 77970K, capacity 81488K, committed 81752K, reserved 1120256K
  class space    used 10802K, capacity 11525K, committed 11608K, reserved 1048576K
GC Heap History (10 events):
Event: 17.619 GC heap before
{Heap before GC invocations=11 (full 2):
 PSYoungGen      total 115712K, used 115685K [0x00000000e0000000, 0x00000000eb280000, 0x0000000100000000)
  eden space 103936K, 100% used [0x00000000e0000000,0x00000000e6580000,0x00000000e6580000)
  from space 11776K, 99% used [0x00000000e7400000,0x00000000e7f79760,0x00000000e7f80000)
  to   space 14848K, 0% used [0x00000000e6580000,0x00000000e6580000,0x00000000e7400000)
 ParOldGen       total 147456K, used 20275K [0x00000000a0000000, 0x00000000a9000000, 0x00000000e0000000)
  object space 147456K, 13% used [0x00000000a0000000,0x00000000a13ccd58,0x00000000a9000000)
 Metaspace       used 54146K, capacity 55800K, committed 56064K, reserved 1097728K
  class space    used 7466K, capacity 7877K, committed 7936K, reserved 1048576K
Event: 17.629 GC heap after
Heap after GC invocations=11 (full 2):
 PSYoungGen      total 118784K, used 14838K [0x00000000e0000000, 0x00000000ea480000, 0x0000000100000000)
  eden space 103936K, 0% used [0x00000000e0000000,0x00000000e0000000,0x00000000e6580000)
  from space 14848K, 99% used [0x00000000e6580000,0x00000000e73fda88,0x00000000e7400000)
  to   space 17408K, 0% used [0x00000000e9380000,0x00000000e9380000,0x00000000ea480000)
 ParOldGen       total 147456K, used 23575K [0x00000000a0000000, 0x00000000a9000000, 0x00000000e0000000)
  object space 147456K, 15% used [0x00000000a0000000,0x00000000a1705c00,0x00000000a9000000)
 Metaspace       used 54146K, capacity 55800K, committed 56064K, reserved 1097728K
  class space    used 7466K, capacity 7877K, committed 7936K, reserved 1048576K
}
Event: 18.276 GC heap before
{Heap before GC invocations=12 (full 2):
 PSYoungGen      total 118784K, used 69200K [0x00000000e0000000, 0x00000000ea480000, 0x0000000100000000)
  eden space 103936K, 52% used [0x00000000e0000000,0x00000000e3516728,0x00000000e6580000)
  from space 14848K, 99% used [0x00000000e6580000,0x00000000e73fda88,0x00000000e7400000)
  to   space 17408K, 0% used [0x00000000e9380000,0x00000000e9380000,0x00000000ea480000)
 ParOldGen       total 147456K, used 23575K [0x00000000a0000000, 0x00000000a9000000, 0x00000000e0000000)
  object space 147456K, 15% used [0x00000000a0000000,0x00000000a1705c00,0x00000000a9000000)
 Metaspace       used 57137K, capacity 59066K, committed 59096K, reserved 1099776K
  class space    used 7909K, capacity 8388K, committed 8408K, reserved 1048576K
Event: 18.296 GC heap after
Heap after GC invocations=12 (full 2):
 PSYoungGen      total 151040K, used 12179K [0x00000000e0000000, 0x00000000eaf00000, 0x0000000100000000)
  eden space 133632K, 0% used [0x00000000e0000000,0x00000000e0000000,0x00000000e8280000)
  from space 17408K, 69% used [0x00000000e9380000,0x00000000e9f64fc0,0x00000000ea480000)
  to   space 17408K, 0% used [0x00000000e8280000,0x00000000e8280000,0x00000000e9380000)
 ParOldGen       total 147456K, used 29566K [0x00000000a0000000, 0x00000000a9000000, 0x00000000e0000000)
  object space 147456K, 20% used [0x00000000a0000000,0x00000000a1cdf9c8,0x00000000a9000000)
 Metaspace       used 57137K, capacity 59066K, committed 59096K, reserved 1099776K
  class space    used 7909K, capacity 8388K, committed 8408K, reserved 1048576K
}
Event: 18.296 GC heap before
{Heap before GC invocations=13 (full 3):
 PSYoungGen      total 151040K, used 12179K [0x00000000e0000000, 0x00000000eaf00000, 0x0000000100000000)
  eden space 133632K, 0% used [0x00000000e0000000,0x00000000e0000000,0x00000000e8280000)
  from space 17408K, 69% used [0x00000000e9380000,0x00000000e9f64fc0,0x00000000ea480000)
  to   space 17408K, 0% used [0x00000000e8280000,0x00000000e8280000,0x00000000e9380000)
 ParOldGen       total 147456K, used 29566K [0x00000000a0000000, 0x00000000a9000000, 0x00000000e0000000)
  object space 147456K, 20% used [0x00000000a0000000,0x00000000a1cdf9c8,0x00000000a9000000)
 Metaspace       used 57137K, capacity 59066K, committed 59096K, reserved 1099776K
  class space    used 7909K, capacity 8388K, committed 8408K, reserved 1048576K
Event: 18.471 GC heap after
Heap after GC invocations=13 (full 3):
 PSYoungGen      total 151040K, used 0K [0x00000000e0000000, 0x00000000eaf00000, 0x0000000100000000)
  eden space 133632K, 0% used [0x00000000e0000000,0x00000000e0000000,0x00000000e8280000)
  from space 17408K, 0% used [0x00000000e9380000,0x00000000e9380000,0x00000000ea480000)
  to   space 17408K, 0% used [0x00000000e8280000,0x00000000e8280000,0x00000000e9380000)
 ParOldGen       total 208384K, used 31950K [0x00000000a0000000, 0x00000000acb80000, 0x00000000e0000000)
  object space 208384K, 15% used [0x00000000a0000000,0x00000000a1f33b28,0x00000000acb80000)
 Metaspace       used 57038K, capacity 58814K, committed 59096K, reserved 1099776K
  class space    used 7879K, capacity 8334K, committed 8408K, reserved 1048576K
}
Event: 21.125 GC heap before
{Heap before GC invocations=14 (full 3):
 PSYoungGen      total 151040K, used 133632K [0x00000000e0000000, 0x00000000eaf00000, 0x0000000100000000)
  eden space 133632K, 100% used [0x00000000e0000000,0x00000000e8280000,0x00000000e8280000)
  from space 17408K, 0% used [0x00000000e9380000,0x00000000e9380000,0x00000000ea480000)
  to   space 17408K, 0% used [0x00000000e8280000,0x00000000e8280000,0x00000000e9380000)
 ParOldGen       total 208384K, used 31950K [0x00000000a0000000, 0x00000000acb80000, 0x00000000e0000000)
  object space 208384K, 15% used [0x00000000a0000000,0x00000000a1f33b28,0x00000000acb80000)
 Metaspace       used 63703K, capacity 66120K, committed 66264K, reserved 1105920K
  class space    used 8755K, capacity 9321K, committed 9432K, reserved 1048576K
Event: 21.136 GC heap after
Heap after GC invocations=14 (full 3):
 PSYoungGen      total 151040K, used 14826K [0x00000000e0000000, 0x00000000ec780000, 0x0000000100000000)
  eden space 133632K, 0% used [0x00000000e0000000,0x00000000e0000000,0x00000000e8280000)
  from space 17408K, 85% used [0x00000000e8280000,0x00000000e90fa9b0,0x00000000e9380000)
  to   space 18432K, 0% used [0x00000000eb580000,0x00000000eb580000,0x00000000ec780000)
 ParOldGen       total 208384K, used 31958K [0x00000000a0000000, 0x00000000acb80000, 0x00000000e0000000)
  object space 208384K, 15% used [0x00000000a0000000,0x00000000a1f35b28,0x00000000acb80000)
 Metaspace       used 63703K, capacity 66120K, committed 66264K, reserved 1105920K
  class space    used 8755K, capacity 9321K, committed 9432K, reserved 1048576K
}
Event: 24.179 GC heap before
{Heap before GC invocations=15 (full 3):
 PSYoungGen      total 151040K, used 148458K [0x00000000e0000000, 0x00000000ec780000, 0x0000000100000000)
  eden space 133632K, 100% used [0x00000000e0000000,0x00000000e8280000,0x00000000e8280000)
  from space 17408K, 85% used [0x00000000e8280000,0x00000000e90fa9b0,0x00000000e9380000)
  to   space 18432K, 0% used [0x00000000eb580000,0x00000000eb580000,0x00000000ec780000)
 ParOldGen       total 208384K, used 31958K [0x00000000a0000000, 0x00000000acb80000, 0x00000000e0000000)
  object space 208384K, 15% used [0x00000000a0000000,0x00000000a1f35b28,0x00000000acb80000)
 Metaspace       used 74744K, capacity 78118K, committed 78424K, reserved 1116160K
  class space    used 10339K, capacity 11034K, committed 11096K, reserved 1048576K
Event: 24.198 GC heap after
Heap after GC invocations=15 (full 3):
 PSYoungGen      total 182272K, used 18405K [0x00000000e0000000, 0x00000000ecd00000, 0x0000000100000000)
  eden space 163840K, 0% used [0x00000000e0000000,0x00000000e0000000,0x00000000ea000000)
  from space 18432K, 99% used [0x00000000eb580000,0x00000000ec779508,0x00000000ec780000)
  to   space 22016K, 0% used [0x00000000ea000000,0x00000000ea000000,0x00000000eb580000)
 ParOldGen       total 208384K, used 35878K [0x00000000a0000000, 0x00000000acb80000, 0x00000000e0000000)
  object space 208384K, 17% used [0x00000000a0000000,0x00000000a23098e8,0x00000000acb80000)
 Metaspace       used 74744K, capacity 78118K, committed 78424K, reserved 1116160K
  class space    used 10339K, capacity 11034K, committed 11096K, reserved 1048576K
}

